<?xml version="1.0" encoding="UTF-8"?>
<!-- Generated by org.testng.reporters.JUnitReportReporter -->
<testsuite hostname="DESKTOP-HE4QSM0" name="testCases.VerifyHomePage" tests="1" failures="0" timestamp="19 Aug 2017 10:00:03 GMT" time="43.983" errors="0">
  <testcase name="testHomePage" time="43.983" classname="testCases.VerifyHomePage"/>
</testsuite> <!-- testCases.VerifyHomePage -->
